[0.856s] Invoking command in '/home/keynmouse/ff_ws/build/ff': PYTHONPATH=/home/keynmouse/ff_ws/build/ff/prefix_override:/usr/lib/python3/dist-packages/colcon_core/task/python/colcon_distutils_commands:/home/keynmouse/ff_ws/install/ff/lib/python3.10/site-packages:${PYTHONPATH} /usr/bin/python3 -W ignore:setup.py install is deprecated -W ignore:easy_install command is deprecated setup.py develop --editable --build-directory /home/keynmouse/ff_ws/build/ff/build --no-deps symlink_data
[1.207s] running develop
[1.470s] running egg_info
[1.470s] creating ff.egg-info
[1.470s] writing ff.egg-info/PKG-INFO
[1.470s] writing dependency_links to ff.egg-info/dependency_links.txt
[1.471s] writing entry points to ff.egg-info/entry_points.txt
[1.471s] writing requirements to ff.egg-info/requires.txt
[1.471s] writing top-level names to ff.egg-info/top_level.txt
[1.471s] writing manifest file 'ff.egg-info/SOURCES.txt'
[1.473s] reading manifest file 'ff.egg-info/SOURCES.txt'
[1.474s] writing manifest file 'ff.egg-info/SOURCES.txt'
[1.475s] running build_ext
[1.475s] Creating /home/keynmouse/ff_ws/install/ff/lib/python3.10/site-packages/ff.egg-link (link to .)
[1.476s] Installing conveyor script to /home/keynmouse/ff_ws/install/ff/lib/ff
[1.476s] Installing global_camera script to /home/keynmouse/ff_ws/install/ff/lib/ff
[1.476s] Installing gui script to /home/keynmouse/ff_ws/install/ff/lib/ff
[1.476s] Installing login_test script to /home/keynmouse/ff_ws/install/ff/lib/ff
[1.476s] Installing robot script to /home/keynmouse/ff_ws/install/ff/lib/ff
[1.477s] Installing robot_camera script to /home/keynmouse/ff_ws/install/ff/lib/ff
[1.477s] 
[1.477s] Installed /home/keynmouse/ff_ws/build/ff
[1.477s] running symlink_data
[1.477s] creating /home/keynmouse/ff_ws/install/ff/share/ament_index
[1.477s] creating /home/keynmouse/ff_ws/install/ff/share/ament_index/resource_index
[1.477s] creating /home/keynmouse/ff_ws/install/ff/share/ament_index/resource_index/packages
[1.477s] symbolically linking /home/keynmouse/ff_ws/build/ff/resource/ff -> /home/keynmouse/ff_ws/install/ff/share/ament_index/resource_index/packages
[1.477s] symbolically linking /home/keynmouse/ff_ws/build/ff/package.xml -> /home/keynmouse/ff_ws/install/ff/share/ff
[1.511s] Invoked command in '/home/keynmouse/ff_ws/build/ff' returned '0': PYTHONPATH=/home/keynmouse/ff_ws/build/ff/prefix_override:/usr/lib/python3/dist-packages/colcon_core/task/python/colcon_distutils_commands:/home/keynmouse/ff_ws/install/ff/lib/python3.10/site-packages:${PYTHONPATH} /usr/bin/python3 -W ignore:setup.py install is deprecated -W ignore:easy_install command is deprecated setup.py develop --editable --build-directory /home/keynmouse/ff_ws/build/ff/build --no-deps symlink_data
